{"C:\\Users\\Nifox\\Documents\\GitHub\\marvel-app\\src\\App.jsx": {"path":"C:\\Users\\Nifox\\Documents\\GitHub\\marvel-app\\src\\App.jsx","statementMap":{"0":{"start":{"line":6,"column":15},"end":{"line":6,"column":42}},"1":{"start":{"line":9,"column":2},"end":{"line":13,"column":4}}},"fnMap":{"0":{"name":"App","decl":{"start":{"line":8,"column":9},"end":{"line":8,"column":12}},"loc":{"start":{"line":8,"column":15},"end":{"line":14,"column":1}},"line":8}},"branchMap":{},"s":{"0":0,"1":0},"f":{"0":0},"b":{}}
,"C:\\Users\\Nifox\\Documents\\GitHub\\marvel-app\\src\\layout.jsx": {"path":"C:\\Users\\Nifox\\Documents\\GitHub\\marvel-app\\src\\layout.jsx","statementMap":{"0":{"start":{"line":3,"column":15},"end":{"line":22,"column":1}},"1":{"start":{"line":4,"column":4},"end":{"line":21,"column":6}}},"fnMap":{"0":{"name":"(anonymous_0)","decl":{"start":{"line":3,"column":15},"end":{"line":3,"column":16}},"loc":{"start":{"line":3,"column":21},"end":{"line":22,"column":1}},"line":3}},"branchMap":{},"s":{"0":0,"1":0},"f":{"0":0},"b":{}}
,"C:\\Users\\Nifox\\Documents\\GitHub\\marvel-app\\src\\main.jsx": {"path":"C:\\Users\\Nifox\\Documents\\GitHub\\marvel-app\\src\\main.jsx","statementMap":{"0":{"start":{"line":6,"column":0},"end":{"line":10,"column":1}}},"fnMap":{},"branchMap":{},"s":{"0":0},"f":{},"b":{}}
,"C:\\Users\\Nifox\\Documents\\GitHub\\marvel-app\\src\\routes.js": {"path":"C:\\Users\\Nifox\\Documents\\GitHub\\marvel-app\\src\\routes.js","statementMap":{"0":{"start":{"line":11,"column":15},"end":{"line":45,"column":1}},"1":{"start":{"line":20,"column":22},"end":{"line":20,"column":37}},"2":{"start":{"line":31,"column":32},"end":{"line":31,"column":59}}},"fnMap":{"0":{"name":"(anonymous_0)","decl":{"start":{"line":20,"column":16},"end":{"line":20,"column":17}},"loc":{"start":{"line":20,"column":22},"end":{"line":20,"column":37}},"line":20},"1":{"name":"(anonymous_1)","decl":{"start":{"line":31,"column":16},"end":{"line":31,"column":17}},"loc":{"start":{"line":31,"column":32},"end":{"line":31,"column":59}},"line":31}},"branchMap":{},"s":{"0":0,"1":0,"2":0},"f":{"0":0,"1":0},"b":{}}
,"C:\\Users\\Nifox\\Documents\\GitHub\\marvel-app\\src\\script.js": {"path":"C:\\Users\\Nifox\\Documents\\GitHub\\marvel-app\\src\\script.js","statementMap":{"0":{"start":{"line":2,"column":4},"end":{"line":12,"column":11}},"1":{"start":{"line":3,"column":26},"end":{"line":3,"column":41}},"2":{"start":{"line":5,"column":34},"end":{"line":5,"column":71}},"3":{"start":{"line":6,"column":23},"end":{"line":6,"column":51}},"4":{"start":{"line":7,"column":12},"end":{"line":11,"column":15}},"5":{"start":{"line":8,"column":27},"end":{"line":8,"column":55}},"6":{"start":{"line":9,"column":16},"end":{"line":9,"column":48}},"7":{"start":{"line":10,"column":16},"end":{"line":10,"column":46}},"8":{"start":{"line":16,"column":0},"end":{"line":16,"column":16}}},"fnMap":{"0":{"name":"getCharacters","decl":{"start":{"line":1,"column":9},"end":{"line":1,"column":22}},"loc":{"start":{"line":1,"column":25},"end":{"line":13,"column":1}},"line":1},"1":{"name":"(anonymous_1)","decl":{"start":{"line":3,"column":14},"end":{"line":3,"column":15}},"loc":{"start":{"line":3,"column":26},"end":{"line":3,"column":41}},"line":3},"2":{"name":"(anonymous_2)","decl":{"start":{"line":4,"column":14},"end":{"line":4,"column":15}},"loc":{"start":{"line":4,"column":22},"end":{"line":12,"column":9}},"line":4},"3":{"name":"(anonymous_3)","decl":{"start":{"line":7,"column":25},"end":{"line":7,"column":26}},"loc":{"start":{"line":7,"column":38},"end":{"line":11,"column":13}},"line":7}},"branchMap":{},"s":{"0":0,"1":0,"2":0,"3":0,"4":0,"5":0,"6":0,"7":0,"8":0},"f":{"0":0,"1":0,"2":0,"3":0},"b":{}}
,"C:\\Users\\Nifox\\Documents\\GitHub\\marvel-app\\src\\api\\characters-api.js": {"path":"C:\\Users\\Nifox\\Documents\\GitHub\\marvel-app\\src\\api\\characters-api.js","statementMap":{"0":{"start":{"line":4,"column":2},"end":{"line":4,"column":20}},"1":{"start":{"line":8,"column":20},"end":{"line":8,"column":69}},"2":{"start":{"line":8,"column":49},"end":{"line":8,"column":68}},"3":{"start":{"line":10,"column":2},"end":{"line":12,"column":3}},"4":{"start":{"line":11,"column":4},"end":{"line":11,"column":57}},"5":{"start":{"line":14,"column":2},"end":{"line":14,"column":19}}},"fnMap":{"0":{"name":"getCharacters","decl":{"start":{"line":3,"column":16},"end":{"line":3,"column":29}},"loc":{"start":{"line":3,"column":32},"end":{"line":5,"column":1}},"line":3},"1":{"name":"getCharacterById","decl":{"start":{"line":7,"column":16},"end":{"line":7,"column":32}},"loc":{"start":{"line":7,"column":37},"end":{"line":15,"column":1}},"line":7},"2":{"name":"(anonymous_2)","decl":{"start":{"line":8,"column":36},"end":{"line":8,"column":37}},"loc":{"start":{"line":8,"column":49},"end":{"line":8,"column":68}},"line":8}},"branchMap":{"0":{"loc":{"start":{"line":10,"column":2},"end":{"line":12,"column":3}},"type":"if","locations":[{"start":{"line":10,"column":2},"end":{"line":12,"column":3}},{"start":{},"end":{}}],"line":10}},"s":{"0":1,"1":2,"2":3,"3":2,"4":1,"5":1},"f":{"0":1,"1":2,"2":3},"b":{"0":[1,1]},"_coverageSchema":"1a1c01bbd47fc00a2c39e90264f33305004495a9","hash":"147bd9bcdc37d71a10da886a547bd19e691db93e"}
,"C:\\Users\\Nifox\\Documents\\GitHub\\marvel-app\\src\\components\\CharacterDetail.jsx": {"path":"C:\\Users\\Nifox\\Documents\\GitHub\\marvel-app\\src\\components\\CharacterDetail.jsx","statementMap":{"0":{"start":{"line":1,"column":24},"end":{"line":49,"column":1}},"1":{"start":{"line":2,"column":4},"end":{"line":8,"column":5}},"2":{"start":{"line":3,"column":8},"end":{"line":7,"column":10}},"3":{"start":{"line":11,"column":21},"end":{"line":13,"column":14}},"4":{"start":{"line":15,"column":4},"end":{"line":48,"column":6}},"5":{"start":{"line":23,"column":28},"end":{"line":23,"column":60}}},"fnMap":{"0":{"name":"(anonymous_0)","decl":{"start":{"line":1,"column":24},"end":{"line":1,"column":25}},"loc":{"start":{"line":1,"column":43},"end":{"line":49,"column":1}},"line":1},"1":{"name":"(anonymous_1)","decl":{"start":{"line":22,"column":33},"end":{"line":22,"column":34}},"loc":{"start":{"line":22,"column":40},"end":{"line":24,"column":25}},"line":22}},"branchMap":{"0":{"loc":{"start":{"line":2,"column":4},"end":{"line":8,"column":5}},"type":"if","locations":[{"start":{"line":2,"column":4},"end":{"line":8,"column":5}},{"start":{},"end":{}}],"line":2},"1":{"loc":{"start":{"line":11,"column":21},"end":{"line":13,"column":14}},"type":"cond-expr","locations":[{"start":{"line":12,"column":10},"end":{"line":12,"column":72}},{"start":{"line":13,"column":10},"end":{"line":13,"column":14}}],"line":11},"2":{"loc":{"start":{"line":11,"column":21},"end":{"line":11,"column":101}},"type":"binary-expr","locations":[{"start":{"line":11,"column":21},"end":{"line":11,"column":40}},{"start":{"line":11,"column":44},"end":{"line":11,"column":68}},{"start":{"line":11,"column":72},"end":{"line":11,"column":101}}],"line":11},"3":{"loc":{"start":{"line":17,"column":13},"end":{"line":27,"column":13}},"type":"binary-expr","locations":[{"start":{"line":17,"column":13},"end":{"line":17,"column":21}},{"start":{"line":18,"column":16},"end":{"line":26,"column":22}}],"line":17},"4":{"loc":{"start":{"line":32,"column":17},"end":{"line":37,"column":17}},"type":"binary-expr","locations":[{"start":{"line":32,"column":17},"end":{"line":32,"column":38}},{"start":{"line":32,"column":42},"end":{"line":32,"column":77}},{"start":{"line":33,"column":20},"end":{"line":36,"column":26}}],"line":32},"5":{"loc":{"start":{"line":39,"column":17},"end":{"line":41,"column":17}},"type":"binary-expr","locations":[{"start":{"line":39,"column":17},"end":{"line":39,"column":35}},{"start":{"line":40,"column":20},"end":{"line":40,"column":125}}],"line":39},"6":{"loc":{"start":{"line":43,"column":17},"end":{"line":45,"column":17}},"type":"binary-expr","locations":[{"start":{"line":43,"column":17},"end":{"line":43,"column":39}},{"start":{"line":43,"column":43},"end":{"line":43,"column":78}},{"start":{"line":44,"column":20},"end":{"line":44,"column":103}}],"line":43}},"s":{"0":0,"1":0,"2":0,"3":0,"4":0,"5":0},"f":{"0":0,"1":0},"b":{"0":[0,0],"1":[0,0],"2":[0,0,0],"3":[0,0],"4":[0,0,0],"5":[0,0],"6":[0,0,0]}}
,"C:\\Users\\Nifox\\Documents\\GitHub\\marvel-app\\src\\components\\CharactersList.jsx": {"path":"C:\\Users\\Nifox\\Documents\\GitHub\\marvel-app\\src\\components\\CharactersList.jsx","statementMap":{"0":{"start":{"line":5,"column":21},"end":{"line":11,"column":4}},"1":{"start":{"line":6,"column":4},"end":{"line":10,"column":9}},"2":{"start":{"line":13,"column":2},"end":{"line":17,"column":4}}},"fnMap":{"0":{"name":"CharactersList","decl":{"start":{"line":3,"column":9},"end":{"line":3,"column":23}},"loc":{"start":{"line":3,"column":39},"end":{"line":18,"column":1}},"line":3},"1":{"name":"(anonymous_1)","decl":{"start":{"line":5,"column":30},"end":{"line":5,"column":31}},"loc":{"start":{"line":6,"column":4},"end":{"line":10,"column":9}},"line":6}},"branchMap":{"0":{"loc":{"start":{"line":3,"column":26},"end":{"line":3,"column":35}},"type":"default-arg","locations":[{"start":{"line":3,"column":33},"end":{"line":3,"column":35}}],"line":3}},"s":{"0":1,"1":2,"2":1},"f":{"0":1,"1":2},"b":{"0":[0]},"_coverageSchema":"1a1c01bbd47fc00a2c39e90264f33305004495a9","hash":"edb89ed1d64b4711050c147332ac420358dd623f"}
,"C:\\Users\\Nifox\\Documents\\GitHub\\marvel-app\\src\\components\\NumberOfCharacters.jsx": {"path":"C:\\Users\\Nifox\\Documents\\GitHub\\marvel-app\\src\\components\\NumberOfCharacters.jsx","statementMap":{"0":{"start":{"line":3,"column":4},"end":{"line":11,"column":1}},"1":{"start":{"line":4,"column":2},"end":{"line":6,"column":4}},"2":{"start":{"line":7,"column":7},"end":{"line":11,"column":1}},"3":{"start":{"line":8,"column":2},"end":{"line":10,"column":4}},"4":{"start":{"line":13,"column":2},"end":{"line":15,"column":4}}},"fnMap":{"0":{"name":"NumberOfCharacters","decl":{"start":{"line":1,"column":9},"end":{"line":1,"column":27}},"loc":{"start":{"line":1,"column":49},"end":{"line":16,"column":1}},"line":1}},"branchMap":{"0":{"loc":{"start":{"line":1,"column":30},"end":{"line":1,"column":45}},"type":"default-arg","locations":[{"start":{"line":1,"column":43},"end":{"line":1,"column":45}}],"line":1},"1":{"loc":{"start":{"line":3,"column":4},"end":{"line":11,"column":1}},"type":"if","locations":[{"start":{"line":3,"column":4},"end":{"line":11,"column":1}},{"start":{"line":7,"column":7},"end":{"line":11,"column":1}}],"line":3},"2":{"loc":{"start":{"line":7,"column":7},"end":{"line":11,"column":1}},"type":"if","locations":[{"start":{"line":7,"column":7},"end":{"line":11,"column":1}},{"start":{},"end":{}}],"line":7}},"s":{"0":4,"1":2,"2":2,"3":1,"4":1},"f":{"0":4},"b":{"0":[1],"1":[2,2],"2":[1,1]},"_coverageSchema":"1a1c01bbd47fc00a2c39e90264f33305004495a9","hash":"d79474199663c908532b5e59d2535fbf95c6690a"}
,"C:\\Users\\Nifox\\Documents\\GitHub\\marvel-app\\src\\pages\\CharactersPage.jsx": {"path":"C:\\Users\\Nifox\\Documents\\GitHub\\marvel-app\\src\\pages\\CharactersPage.jsx","statementMap":{"0":{"start":{"line":5,"column":23},"end":{"line":23,"column":1}},"1":{"start":{"line":7,"column":4},"end":{"line":7,"column":47}},"2":{"start":{"line":10,"column":23},"end":{"line":10,"column":38}},"3":{"start":{"line":12,"column":4},"end":{"line":22,"column":4}}},"fnMap":{"0":{"name":"(anonymous_0)","decl":{"start":{"line":5,"column":23},"end":{"line":5,"column":24}},"loc":{"start":{"line":5,"column":29},"end":{"line":23,"column":1}},"line":5}},"branchMap":{},"s":{"0":1,"1":1,"2":1,"3":1},"f":{"0":1},"b":{},"_coverageSchema":"1a1c01bbd47fc00a2c39e90264f33305004495a9","hash":"cfc1c5317de11fd34058fee12cd748e1a065af31"}
,"C:\\Users\\Nifox\\Documents\\GitHub\\marvel-app\\src\\pages\\about.jsx": {"path":"C:\\Users\\Nifox\\Documents\\GitHub\\marvel-app\\src\\pages\\about.jsx","statementMap":{"0":{"start":{"line":4,"column":4},"end":{"line":6,"column":11}},"1":{"start":{"line":5,"column":8},"end":{"line":5,"column":46}},"2":{"start":{"line":8,"column":2},"end":{"line":16,"column":4}}},"fnMap":{"0":{"name":"AboutPage","decl":{"start":{"line":3,"column":9},"end":{"line":3,"column":18}},"loc":{"start":{"line":3,"column":21},"end":{"line":17,"column":1}},"line":3},"1":{"name":"(anonymous_1)","decl":{"start":{"line":4,"column":14},"end":{"line":4,"column":15}},"loc":{"start":{"line":4,"column":20},"end":{"line":6,"column":5}},"line":4}},"branchMap":{},"s":{"0":0,"1":0,"2":0},"f":{"0":0,"1":0},"b":{}}
,"C:\\Users\\Nifox\\Documents\\GitHub\\marvel-app\\src\\pages\\characterDetailPage.jsx": {"path":"C:\\Users\\Nifox\\Documents\\GitHub\\marvel-app\\src\\pages\\characterDetailPage.jsx","statementMap":{"0":{"start":{"line":4,"column":28},"end":{"line":31,"column":1}},"1":{"start":{"line":6,"column":22},"end":{"line":6,"column":37}},"2":{"start":{"line":9,"column":4},"end":{"line":9,"column":70}},"3":{"start":{"line":11,"column":4},"end":{"line":20,"column":5}},"4":{"start":{"line":12,"column":8},"end":{"line":19,"column":10}},"5":{"start":{"line":22,"column":4},"end":{"line":30,"column":6}}},"fnMap":{"0":{"name":"(anonymous_0)","decl":{"start":{"line":4,"column":28},"end":{"line":4,"column":29}},"loc":{"start":{"line":4,"column":34},"end":{"line":31,"column":1}},"line":4}},"branchMap":{"0":{"loc":{"start":{"line":9,"column":24},"end":{"line":9,"column":54}},"type":"binary-expr","locations":[{"start":{"line":9,"column":24},"end":{"line":9,"column":39}},{"start":{"line":9,"column":43},"end":{"line":9,"column":54}}],"line":9},"1":{"loc":{"start":{"line":11,"column":4},"end":{"line":20,"column":5}},"type":"if","locations":[{"start":{"line":11,"column":4},"end":{"line":20,"column":5}},{"start":{},"end":{}}],"line":11}},"s":{"0":0,"1":0,"2":0,"3":0,"4":0,"5":0},"f":{"0":0},"b":{"0":[0,0],"1":[0,0]}}
,"C:\\Users\\Nifox\\Documents\\GitHub\\marvel-app\\src\\pages\\contact.jsx": {"path":"C:\\Users\\Nifox\\Documents\\GitHub\\marvel-app\\src\\pages\\contact.jsx","statementMap":{"0":{"start":{"line":4,"column":2},"end":{"line":6,"column":9}},"1":{"start":{"line":5,"column":4},"end":{"line":5,"column":44}},"2":{"start":{"line":8,"column":2},"end":{"line":16,"column":4}}},"fnMap":{"0":{"name":"ContactPage","decl":{"start":{"line":3,"column":9},"end":{"line":3,"column":20}},"loc":{"start":{"line":3,"column":23},"end":{"line":17,"column":1}},"line":3},"1":{"name":"(anonymous_1)","decl":{"start":{"line":4,"column":12},"end":{"line":4,"column":13}},"loc":{"start":{"line":4,"column":18},"end":{"line":6,"column":3}},"line":4}},"branchMap":{},"s":{"0":0,"1":0,"2":0},"f":{"0":0,"1":0},"b":{}}
,"C:\\Users\\Nifox\\Documents\\GitHub\\marvel-app\\src\\pages\\home.jsx": {"path":"C:\\Users\\Nifox\\Documents\\GitHub\\marvel-app\\src\\pages\\home.jsx","statementMap":{"0":{"start":{"line":5,"column":2},"end":{"line":7,"column":9}},"1":{"start":{"line":6,"column":4},"end":{"line":6,"column":41}},"2":{"start":{"line":9,"column":2},"end":{"line":13,"column":4}}},"fnMap":{"0":{"name":"HomePage","decl":{"start":{"line":4,"column":9},"end":{"line":4,"column":17}},"loc":{"start":{"line":4,"column":20},"end":{"line":14,"column":1}},"line":4},"1":{"name":"(anonymous_1)","decl":{"start":{"line":5,"column":12},"end":{"line":5,"column":13}},"loc":{"start":{"line":5,"column":18},"end":{"line":7,"column":3}},"line":5}},"branchMap":{},"s":{"0":0,"1":0,"2":0},"f":{"0":0,"1":0},"b":{}}
,"C:\\Users\\Nifox\\Documents\\GitHub\\marvel-app\\src\\pages\\notFound.jsx": {"path":"C:\\Users\\Nifox\\Documents\\GitHub\\marvel-app\\src\\pages\\notFound.jsx","statementMap":{"0":{"start":{"line":1,"column":21},"end":{"line":11,"column":1}},"1":{"start":{"line":3,"column":4},"end":{"line":3,"column":44}},"2":{"start":{"line":5,"column":4},"end":{"line":10,"column":6}}},"fnMap":{"0":{"name":"(anonymous_0)","decl":{"start":{"line":1,"column":21},"end":{"line":1,"column":22}},"loc":{"start":{"line":1,"column":27},"end":{"line":11,"column":1}},"line":1}},"branchMap":{},"s":{"0":0,"1":0,"2":0},"f":{"0":0},"b":{}}
}
