TN:
SF:src\App.jsx
FN:8,App
FNF:1
FNH:0
FNDA:0,App
DA:6,0
DA:9,0
LF:2
LH:0
BRF:0
BRH:0
end_of_record
TN:
SF:src\layout.jsx
FN:3,(anonymous_0)
FNF:1
FNH:0
FNDA:0,(anonymous_0)
DA:3,0
DA:4,0
LF:2
LH:0
BRF:0
BRH:0
end_of_record
TN:
SF:src\main.jsx
FNF:0
FNH:0
DA:6,0
LF:1
LH:0
BRF:0
BRH:0
end_of_record
TN:
SF:src\routes.js
FN:20,(anonymous_0)
FN:31,(anonymous_1)
FNF:2
FNH:0
FNDA:0,(anonymous_0)
FNDA:0,(anonymous_1)
DA:11,0
DA:20,0
DA:31,0
LF:3
LH:0
BRF:0
BRH:0
end_of_record
TN:
SF:src\script.js
FN:1,getCharacters
FN:3,(anonymous_1)
FN:4,(anonymous_2)
FN:7,(anonymous_3)
FNF:4
FNH:0
FNDA:0,getCharacters
FNDA:0,(anonymous_1)
FNDA:0,(anonymous_2)
FNDA:0,(anonymous_3)
DA:2,0
DA:3,0
DA:5,0
DA:6,0
DA:7,0
DA:8,0
DA:9,0
DA:10,0
DA:16,0
LF:9
LH:0
BRF:0
BRH:0
end_of_record
TN:
SF:src\api\characters-api.js
FN:3,getCharacters
FN:7,getCharacterById
FN:8,(anonymous_2)
FNF:3
FNH:3
FNDA:1,getCharacters
FNDA:2,getCharacterById
FNDA:3,(anonymous_2)
DA:4,1
DA:8,3
DA:10,2
DA:11,1
DA:14,1
LF:5
LH:5
BRDA:10,0,0,1
BRDA:10,0,1,1
BRF:2
BRH:2
end_of_record
TN:
SF:src\components\CharacterDetail.jsx
FN:1,(anonymous_0)
FN:22,(anonymous_1)
FNF:2
FNH:0
FNDA:0,(anonymous_0)
FNDA:0,(anonymous_1)
DA:1,0
DA:2,0
DA:3,0
DA:11,0
DA:15,0
DA:23,0
LF:6
LH:0
BRDA:2,0,0,0
BRDA:2,0,1,0
BRDA:11,1,0,0
BRDA:11,1,1,0
BRDA:11,2,0,0
BRDA:11,2,1,0
BRDA:11,2,2,0
BRDA:17,3,0,0
BRDA:17,3,1,0
BRDA:32,4,0,0
BRDA:32,4,1,0
BRDA:32,4,2,0
BRDA:39,5,0,0
BRDA:39,5,1,0
BRDA:43,6,0,0
BRDA:43,6,1,0
BRDA:43,6,2,0
BRF:17
BRH:0
end_of_record
TN:
SF:src\components\CharactersList.jsx
FN:3,CharactersList
FN:5,(anonymous_1)
FNF:2
FNH:2
FNDA:1,CharactersList
FNDA:2,(anonymous_1)
DA:5,1
DA:6,2
DA:13,1
LF:3
LH:3
BRDA:3,0,0,0
BRF:1
BRH:0
end_of_record
TN:
SF:src\components\NumberOfCharacters.jsx
FN:1,NumberOfCharacters
FNF:1
FNH:1
FNDA:4,NumberOfCharacters
DA:3,4
DA:4,2
DA:7,2
DA:8,1
DA:13,1
LF:5
LH:5
BRDA:1,0,0,1
BRDA:3,1,0,2
BRDA:3,1,1,2
BRDA:7,2,0,1
BRDA:7,2,1,1
BRF:5
BRH:5
end_of_record
TN:
SF:src\pages\CharactersPage.jsx
FN:5,(anonymous_0)
FNF:1
FNH:1
FNDA:1,(anonymous_0)
DA:5,1
DA:7,1
DA:10,1
DA:12,1
LF:4
LH:4
BRF:0
BRH:0
end_of_record
TN:
SF:src\pages\about.jsx
FN:3,AboutPage
FN:4,(anonymous_1)
FNF:2
FNH:0
FNDA:0,AboutPage
FNDA:0,(anonymous_1)
DA:4,0
DA:5,0
DA:8,0
LF:3
LH:0
BRF:0
BRH:0
end_of_record
TN:
SF:src\pages\characterDetailPage.jsx
FN:4,(anonymous_0)
FNF:1
FNH:0
FNDA:0,(anonymous_0)
DA:4,0
DA:6,0
DA:9,0
DA:11,0
DA:12,0
DA:22,0
LF:6
LH:0
BRDA:9,0,0,0
BRDA:9,0,1,0
BRDA:11,1,0,0
BRDA:11,1,1,0
BRF:4
BRH:0
end_of_record
TN:
SF:src\pages\contact.jsx
FN:3,ContactPage
FN:4,(anonymous_1)
FNF:2
FNH:0
FNDA:0,ContactPage
FNDA:0,(anonymous_1)
DA:4,0
DA:5,0
DA:8,0
LF:3
LH:0
BRF:0
BRH:0
end_of_record
TN:
SF:src\pages\home.jsx
FN:4,HomePage
FN:5,(anonymous_1)
FNF:2
FNH:0
FNDA:0,HomePage
FNDA:0,(anonymous_1)
DA:5,0
DA:6,0
DA:9,0
LF:3
LH:0
BRF:0
BRH:0
end_of_record
TN:
SF:src\pages\notFound.jsx
FN:1,(anonymous_0)
FNF:1
FNH:0
FNDA:0,(anonymous_0)
DA:1,0
DA:3,0
DA:5,0
LF:3
LH:0
BRF:0
BRH:0
end_of_record
